AGU62947
AGU62948
AIF74250
ALQ78719
ARS29595
ARS29596
ARS29599
ARS29600
ARS29604
ARS29606
AVH76456
AVH76457
AVH76458
AVH76459
AVH76461
AVH76462
AVH76463
AVH76464
AVH76465
AVH76466
AVH76467
AVH76469
AVH76470
AVH76471
AVH76472
AVH76473
AVH76474
AWB14573
AXJ21631
AXJ21632
AXR95008
AZS64122
BAX64124
NP_047200
NP_740257
QCL12280
QCL12281
QCL12282
QCL12283
QCL12284
QGH59216
QNG97306
QNG97307
YP_002456506
YP_004782207
YP_005102465
YP_009000902
YP_009118268
YP_009138081
YP_009165594
YP_009165595
YP_009380518
sp|O91464
