AAV28657
AAY46271
ACI95948
ACX33797
ADB12474
ADB45876
ADG03747
ADN52304
ADN52305
ADN52306
ADN52311
ADN52312
AEL19656
AEM05831
AEO19724
AEY76083
AFK24448
AFP28805
AFR11851
AFS41248
AFV70595
AFX69272
AGC36402
AGG20313
AGH29114
AGU62946
AGY52597
AGY52598
AGY52599
AHA61455
AHF72574
AHH02469
AHK60486
AHL67639
AHY02128
AIK67137
AIN37087
AIS22688
AJO69919
AJP67527
AJP67528
AJP67529
AJP67530
AJT57879
AJW76498
AKE50573
ALM04213
ALO65139
APY16382
ARJ58625
ARJ58626
ARM37713
ARS29593
ARS29594
ARS29597
ARS29598
ARS29601
ARS29602
ARS29603
ARS29605
ARS29607
ARS29608
ARS29609
ARS29610
ARW71933
ASS36975
AVE15813
AVE15814
AVE15815
AVE15816
AVE15817
AVH76468
AVX29483
AWF79081
AWF79099
AWK02691
AXE75324
AXY87954
AYM46575
AYM46576
AZS64123
AZS64124
AZS64125
AZZ70013
BAA31356
BAB62889
BAC23066
BAK18897
BAS53431
BAS53432
BAX64116
BAX64117
BAX64118
BAX64119
BAX64120
BAX64121
BAX64122
BAX64123
BAX64125
BAX64126
BAX64127
BAX64128
BAX64129
BAX64130
BAX64131
BAX64132
BAX64133
BAX64134
BAX64135
BAX64136
BAX64137
BAX64138
BAX64139
QEA08638
QEV86990
QEV86991
QGH59201
QGH59202
QGH59203
QGH59204
QGH59205
QGH59206
QGH59207
QGH59208
QGH59209
QGH59210
QGH59211
QGH59212
QGH59213
QGH59214
QGH59215
QGH59217
QHA24623
QIE07158
QIK01740
QJF11790
QJW71472
QKI30369
QOW08372
QQV74430
QQV74431
QQV74432
QQV74433
SNQ28043
