YP_002456506
ACI95948
AWB14573
AJT57879
QKI30369
QJW71472
QIE07158
QHA24623
AZS64125
AZS64124
AZS64123
AZS64122
AYM46576
AYM46575
AXY87954
YP_009000902
YP_005102465
ASS36975
APY16382
ARJ58626
ARJ58625
ARM37713
ALM04213
AJO69919
AIN37087
AJW76498
AJP67530
AJP67529
AJP67528
AJP67527
AHK60486
AHA61455
AIK67137
AHH02469
AHL67639
AHY02128
BAK18897
AGY52599
AGY52598
AGY52597
AFX69272
AGG20313
AFP28805
AFS41248
AFK24448
AEY76083
ADG03747
ADB45876
ADB12474
QQV74433
QQV74432
QQV74431
QQV74430
QOW08372
YP_009118268
AIF74250
QNG97307
QNG97306
QJF11790
QIK01740
QGH59217
QGH59216
QGH59215
QGH59214
QGH59213
QGH59212
QGH59211
QGH59210
QGH59209
QGH59208
QGH59207
QGH59206
QGH59205
QGH59204
QGH59203
QGH59202
QGH59201
QEV86991
QEV86990
AZZ70013
YP_009380518
YP_009165595
YP_009165594
YP_009138081
YP_004782207
AXE75324
SNQ28043
AWF79081
BAX64139
BAX64138
BAX64137
BAX64136
BAX64135
BAX64134
BAX64133
BAX64132
BAX64131
BAX64130
BAX64129
BAX64128
BAX64127
BAX64126
BAX64125
BAX64124
BAX64123
BAX64122
BAX64121
BAX64120
BAX64119
BAX64118
BAX64117
BAX64116
AVX29483
AVH76474
AVH76473
AVH76472
AVH76471
AVH76470
AVH76469
AVH76468
AVH76467
AVH76466
AVH76465
AVH76464
AVH76463
AVH76462
AVH76461
AVH76459
AVH76458
AVH76457
AVH76456
AVE15817
AVE15816
AVE15815
AVE15814
AVE15813
ARW71933
ARS29610
ARS29609
ARS29608
ARS29607
ARS29606
ARS29605
ARS29604
ARS29603
ARS29602
ARS29601
ARS29600
ARS29599
ARS29598
ARS29597
ARS29596
ARS29595
ARS29594
ARS29593
BAS53432
BAS53431
ALQ78719
AKE50573
AIS22688
AGC36402
AHF72574
AGU62948
AGU62947
AGU62946
AGH29114
AFR11851
AEO19724
AEL19656
AEM05831
NP_740257
BAC23066
sp|O91464
QCL12284
QCL12283
QCL12282
QCL12281
QCL12280
QEA08638
AXR95008
AXJ21632
AXJ21631
NP_047200
AWK02691
AWF79099
ALO65139
AFV70595
ADN52312
ADN52311
ADN52306
ADN52305
ADN52304
AAV28657
ACX33797
AAY46271
BAA31356
BAB62889
