BAA31356
AAV28657
ACX33797
ADN52304
ADN52312
ADN52311
ADN52306
ADN52305
AAY46271
AFV70595
BAB62889
AWF79099
QEA08638
AWK02691
BAC23066
AIF74251
AIF74258
APY16382
AZZ70013
QHA24623
ALM04213
AXY87954
AXE75324
AZS64123
AZS64124
AZS64125
QIE07158
ARW71933
AHK60486
AJP67529
AJP67528
AJP67530
AJP67527
AGH29114
AGC36402
AEO19724
AHH02469
QOW08372
QKI30369
AIN37087
AYM46576
AYM46575
AIS22688
AHL67639
QEV86990
QEV86991
ASS36975
AGU62946
QJF11790
BAS53432
BAS53431
AEL19656
ADB45876
AFR11851
ADG03747
AVH76468
AIK67137
AVX29483
AEM05831
AHF72574
AHY02128
AFS41248
AFX69272
AJW76498
AVE15813
AVE15814
AVE15815
AVE15816
AVE15817
QJW71472
AGY52598
AGY52599
ARS29593
ARS29603
ARS29602
ARS29601
ARS29598
ARS29597
ARS29610
ARS29594
ARS29609
ARS29608
ARS29607
ARS29605
AKE50573
ARJ58625
ARJ58626
ARM37713
AGY52597
QGH59209
QGH59201
QGH59213
QGH59207
QGH59208
QGH59212
QGH59210
QGH59204
QGH59202
QGH59205
QGH59211
QGH59214
QGH59217
QGH59215
QGH59203
QGH59206
AWF79081
AJO69919
SNQ28043
BAX64116
BAX64117
BAX64118
BAX64119
BAX64120
BAX64121
BAX64122
BAX64123
BAX64125
BAX64126
BAX64127
BAX64128
BAX64139
BAX64129
BAX64130
BAX64131
BAX64132
BAX64133
BAX64134
BAX64135
BAX64136
BAX64137
BAX64138
QQV74433
QQV74430
QQV74431
QQV74432
AHA61455
QIK01740
AFP28805
AFK24448
AGG20313
AJT57879
AEY76083
ADB12474
ACI95948
BAK18897
ALO65139
